


ARM Macro Assembler    Page 1 


    1 00000000         ; * ----------------------------------------------------
                       -----------------------------------
    2 00000000         ; *  @file:    startup_MIMXRT1052.s
    3 00000000         ; *  @purpose: CMSIS Cortex-M7 Core Device Startup File
    4 00000000         ; *            MIMXRT1052
    5 00000000         ; *  @version: 0.1
    6 00000000         ; *  @date:    2017-1-10
    7 00000000         ; *  @build:   b170927
    8 00000000         ; * ----------------------------------------------------
                       -----------------------------------
    9 00000000         ; *
   10 00000000         ; * Copyright 1997-2016 Freescale Semiconductor, Inc.
   11 00000000         ; * Copyright 2016-2017 NXP
   12 00000000         ; * Redistribution and use in source and binary forms, w
                       ith or without modification,
   13 00000000         ; * are permitted provided that the following conditions
                        are met:
   14 00000000         ; *
   15 00000000         ; * 1. Redistributions of source code must retain the ab
                       ove copyright notice, this list
   16 00000000         ; *   of conditions and the following disclaimer.
   17 00000000         ; *
   18 00000000         ; * 2. Redistributions in binary form must reproduce the
                        above copyright notice, this
   19 00000000         ; *   list of conditions and the following disclaimer in
                        the documentation and/or
   20 00000000         ; *   other materials provided with the distribution.
   21 00000000         ; *
   22 00000000         ; * 3. Neither the name of the copyright holder nor the 
                       names of its
   23 00000000         ; *   contributors may be used to endorse or promote pro
                       ducts derived from this
   24 00000000         ; *   software without specific prior written permission
                       .
   25 00000000         ; *
   26 00000000         ; * THIS SOFTWARE IS PROVIDED BY THE COPYRIGHT HOLDERS A
                       ND CONTRIBUTORS "AS IS" AND
   27 00000000         ; * ANY EXPRESS OR IMPLIED WARRANTIES, INCLUDING, BUT NO
                       T LIMITED TO, THE IMPLIED
   28 00000000         ; * WARRANTIES OF MERCHANTABILITY AND FITNESS FOR A PART
                       ICULAR PURPOSE ARE
   29 00000000         ; * DISCLAIMED. IN NO EVENT SHALL THE COPYRIGHT HOLDER O
                       R CONTRIBUTORS BE LIABLE FOR
   30 00000000         ; * ANY DIRECT, INDIRECT, INCIDENTAL, SPECIAL, EXEMPLARY
                       , OR CONSEQUENTIAL DAMAGES
   31 00000000         ; * (INCLUDING, BUT NOT LIMITED TO, PROCUREMENT OF SUBST
                       ITUTE GOODS OR SERVICES;
   32 00000000         ; * LOSS OF USE, DATA, OR PROFITS; OR BUSINESS INTERRUPT
                       ION) HOWEVER CAUSED AND ON
   33 00000000         ; * ANY THEORY OF LIABILITY, WHETHER IN CONTRACT, STRICT
                        LIABILITY, OR TORT
   34 00000000         ; * (INCLUDING NEGLIGENCE OR OTHERWISE) ARISING IN ANY W
                       AY OUT OF THE USE OF THIS
   35 00000000         ; * SOFTWARE, EVEN IF ADVISED OF THE POSSIBILITY OF SUCH
                        DAMAGE.
   36 00000000         ; *
   37 00000000         ; *------- <<< Use Configuration Wizard in Context Menu 
                       >>> ------------------
   38 00000000         ; *



ARM Macro Assembler    Page 2 


   39 00000000         ; ******************************************************
                       ***********************/
   40 00000000         
   41 00000000         
   42 00000000                 PRESERVE8
   43 00000000                 THUMB
   44 00000000         
   45 00000000         
   46 00000000         ; Vector Table Mapped to Address 0 at Reset
   47 00000000         
   48 00000000                 AREA             RESET, DATA, READONLY
   49 00000000                 EXPORT           __Vectors
   50 00000000                 EXPORT           __Vectors_End
   51 00000000                 EXPORT           __Vectors_Size
   52 00000000                 IMPORT           |Image$$ARM_LIB_STACK$$ZI$$Limi
t|
   53 00000000         
   54 00000000 00000000 
                       __Vectors
                               DCD              |Image$$ARM_LIB_STACK$$ZI$$Limi
t| 
                                                            ; Top of Stack
   55 00000004 00000000        DCD              Reset_Handler ; Reset Handler
   56 00000008 00000000        DCD              NMI_Handler ;NMI Handler
   57 0000000C 00000000        DCD              HardFault_Handler 
                                                            ;Hard Fault Handler
                                                            
   58 00000010 00000000        DCD              MemManage_Handler 
                                                            ;MPU Fault Handler
   59 00000014 00000000        DCD              BusFault_Handler 
                                                            ;Bus Fault Handler
   60 00000018 00000000        DCD              UsageFault_Handler ;Usage Fault
                                                             Handler
   61 0000001C 00000000        DCD              0           ;Reserved
   62 00000020 00000000        DCD              0           ;Reserved
   63 00000024 00000000        DCD              0           ;Reserved
   64 00000028 00000000        DCD              0           ;Reserved
   65 0000002C 00000000        DCD              SVC_Handler ;SVCall Handler
   66 00000030 00000000        DCD              DebugMon_Handler ;Debug Monitor
                                                             Handler
   67 00000034 00000000        DCD              0           ;Reserved
   68 00000038 00000000        DCD              PendSV_Handler ;PendSV Handler
   69 0000003C 00000000        DCD              SysTick_Handler 
                                                            ;SysTick Handler
   70 00000040         
   71 00000040         ;External Interrupts
   72 00000040 00000000        DCD              DMA0_DMA16_IRQHandler ;DMA chan
                                                            nel 0/16 transfer c
                                                            omplete
   73 00000044 00000000        DCD              DMA1_DMA17_IRQHandler ;DMA chan
                                                            nel 1/17 transfer c
                                                            omplete
   74 00000048 00000000        DCD              DMA2_DMA18_IRQHandler ;DMA chan
                                                            nel 2/18 transfer c
                                                            omplete
   75 0000004C 00000000        DCD              DMA3_DMA19_IRQHandler ;DMA chan
                                                            nel 3/19 transfer c
                                                            omplete
   76 00000050 00000000        DCD              DMA4_DMA20_IRQHandler ;DMA chan



ARM Macro Assembler    Page 3 


                                                            nel 4/20 transfer c
                                                            omplete
   77 00000054 00000000        DCD              DMA5_DMA21_IRQHandler ;DMA chan
                                                            nel 5/21 transfer c
                                                            omplete
   78 00000058 00000000        DCD              DMA6_DMA22_IRQHandler ;DMA chan
                                                            nel 6/22 transfer c
                                                            omplete
   79 0000005C 00000000        DCD              DMA7_DMA23_IRQHandler ;DMA chan
                                                            nel 7/23 transfer c
                                                            omplete
   80 00000060 00000000        DCD              DMA8_DMA24_IRQHandler ;DMA chan
                                                            nel 8/24 transfer c
                                                            omplete
   81 00000064 00000000        DCD              DMA9_DMA25_IRQHandler ;DMA chan
                                                            nel 9/25 transfer c
                                                            omplete
   82 00000068 00000000        DCD              DMA10_DMA26_IRQHandler ;DMA cha
                                                            nnel 10/26 transfer
                                                             complete
   83 0000006C 00000000        DCD              DMA11_DMA27_IRQHandler ;DMA cha
                                                            nnel 11/27 transfer
                                                             complete
   84 00000070 00000000        DCD              DMA12_DMA28_IRQHandler ;DMA cha
                                                            nnel 12/28 transfer
                                                             complete
   85 00000074 00000000        DCD              DMA13_DMA29_IRQHandler ;DMA cha
                                                            nnel 13/29 transfer
                                                             complete
   86 00000078 00000000        DCD              DMA14_DMA30_IRQHandler ;DMA cha
                                                            nnel 14/30 transfer
                                                             complete
   87 0000007C 00000000        DCD              DMA15_DMA31_IRQHandler ;DMA cha
                                                            nnel 15/31 transfer
                                                             complete
   88 00000080 00000000        DCD              DMA_ERROR_IRQHandler ;DMA error
                                                             interrupt channels
                                                             0-15 / 16-31
   89 00000084 00000000        DCD              CTI0_ERROR_IRQHandler 
                                                            ;CTI0_Error
   90 00000088 00000000        DCD              CTI1_ERROR_IRQHandler 
                                                            ;CTI1_Error
   91 0000008C 00000000        DCD              CORE_IRQHandler ;CorePlatform e
                                                            xception IRQ
   92 00000090 00000000        DCD              LPUART1_IRQHandler ;LPUART1 TX 
                                                            interrupt and RX in
                                                            terrupt
   93 00000094 00000000        DCD              LPUART2_IRQHandler ;LPUART2 TX 
                                                            interrupt and RX in
                                                            terrupt
   94 00000098 00000000        DCD              LPUART3_IRQHandler ;LPUART3 TX 
                                                            interrupt and RX in
                                                            terrupt
   95 0000009C 00000000        DCD              LPUART4_IRQHandler ;LPUART4 TX 
                                                            interrupt and RX in
                                                            terrupt
   96 000000A0 00000000        DCD              LPUART5_IRQHandler ;LPUART5 TX 
                                                            interrupt and RX in
                                                            terrupt



ARM Macro Assembler    Page 4 


   97 000000A4 00000000        DCD              LPUART6_IRQHandler ;LPUART6 TX 
                                                            interrupt and RX in
                                                            terrupt
   98 000000A8 00000000        DCD              LPUART7_IRQHandler ;LPUART7 TX 
                                                            interrupt and RX in
                                                            terrupt
   99 000000AC 00000000        DCD              LPUART8_IRQHandler ;LPUART8 TX 
                                                            interrupt and RX in
                                                            terrupt
  100 000000B0 00000000        DCD              LPI2C1_IRQHandler 
                                                            ;LPI2C1 interrupt
  101 000000B4 00000000        DCD              LPI2C2_IRQHandler 
                                                            ;LPI2C2 interrupt
  102 000000B8 00000000        DCD              LPI2C3_IRQHandler 
                                                            ;LPI2C3 interrupt
  103 000000BC 00000000        DCD              LPI2C4_IRQHandler 
                                                            ;LPI2C4 interrupt
  104 000000C0 00000000        DCD              LPSPI1_IRQHandler ;LPSPI1 singl
                                                            e interrupt vector 
                                                            for all sources
  105 000000C4 00000000        DCD              LPSPI2_IRQHandler ;LPSPI2 singl
                                                            e interrupt vector 
                                                            for all sources
  106 000000C8 00000000        DCD              LPSPI3_IRQHandler ;LPSPI3 singl
                                                            e interrupt vector 
                                                            for all sources
  107 000000CC 00000000        DCD              LPSPI4_IRQHandler ;LPSPI4  sing
                                                            le interrupt vector
                                                             for all sources
  108 000000D0 00000000        DCD              CAN1_IRQHandler ;CAN1 interrupt
                                                            
  109 000000D4 00000000        DCD              CAN2_IRQHandler ;CAN2 interrupt
                                                            
  110 000000D8 00000000        DCD              FLEXRAM_IRQHandler ;FlexRAM add
                                                            ress out of range O
                                                            r access hit IRQ
  111 000000DC 00000000        DCD              KPP_IRQHandler ;Keypad nterrupt
                                                            
  112 000000E0 00000000        DCD              TSC_DIG_IRQHandler 
                                                            ;TSC interrupt
  113 000000E4 00000000        DCD              GPR_IRQ_IRQHandler 
                                                            ;GPR interrupt
  114 000000E8 00000000        DCD              LCDIF_IRQHandler 
                                                            ;LCDIF interrupt
  115 000000EC 00000000        DCD              CSI_IRQHandler ;CSI interrupt
  116 000000F0 00000000        DCD              PXP_IRQHandler ;PXP interrupt
  117 000000F4 00000000        DCD              WDOG2_IRQHandler 
                                                            ;WDOG2 interrupt
  118 000000F8 00000000        DCD              SNVS_HP_WRAPPER_IRQHandler ;SRT
                                                            C Consolidated Inte
                                                            rrupt. Non TZ
  119 000000FC 00000000        DCD              SNVS_HP_WRAPPER_TZ_IRQHandler ;
                                                            SRTC Security Inter
                                                            rupt. TZ
  120 00000100 00000000        DCD              SNVS_LP_WRAPPER_IRQHandler ;ON-
                                                            OFF button press sh
                                                            orter than 5 secs (
                                                            pulse event)
  121 00000104 00000000        DCD              CSU_IRQHandler ;CSU interrupt



ARM Macro Assembler    Page 5 


  122 00000108 00000000        DCD              DCP_IRQHandler 
                                                            ;DCP_IRQ interrupt
  123 0000010C 00000000        DCD              DCP_VMI_IRQHandler ;DCP_VMI_IRQ
                                                             interrupt
  124 00000110 00000000        DCD              Reserved68_IRQHandler 
                                                            ;Reserved interrupt
                                                            
  125 00000114 00000000        DCD              TRNG_IRQHandler ;TRNG interrupt
                                                            
  126 00000118 00000000        DCD              SJC_IRQHandler ;SJC interrupt
  127 0000011C 00000000        DCD              BEE_IRQHandler ;BEE interrupt
  128 00000120 00000000        DCD              SAI1_IRQHandler ;SAI1 interrupt
                                                            
  129 00000124 00000000        DCD              SAI2_IRQHandler ;SAI1 interrupt
                                                            
  130 00000128 00000000        DCD              SAI3_RX_IRQHandler 
                                                            ;SAI3 interrupt
  131 0000012C 00000000        DCD              SAI3_TX_IRQHandler 
                                                            ;SAI3 interrupt
  132 00000130 00000000        DCD              SPDIF_IRQHandler 
                                                            ;SPDIF interrupt
  133 00000134 00000000        DCD              ANATOP_EVENT0_IRQHandler 
                                                            ;ANATOP interrupt
  134 00000138 00000000        DCD              ANATOP_EVENT1_IRQHandler 
                                                            ;ANATOP interrupt
  135 0000013C 00000000        DCD              ANATOP_TAMP_LOW_HIGH_IRQHandler
 
                                                            ;ANATOP interrupt
  136 00000140 00000000        DCD              ANATOP_TEMP_PANIC_IRQHandler 
                                                            ;ANATOP interrupt
  137 00000144 00000000        DCD              USB_PHY1_IRQHandler ;USBPHY (UT
                                                            MI0), Interrupt
  138 00000148 00000000        DCD              USB_PHY2_IRQHandler ;USBPHY (UT
                                                            MI0), Interrupt
  139 0000014C 00000000        DCD              ADC1_IRQHandler ;ADC1 interrupt
                                                            
  140 00000150 00000000        DCD              ADC2_IRQHandler ;ADC2 interrupt
                                                            
  141 00000154 00000000        DCD              DCDC_IRQHandler ;DCDC interrupt
                                                            
  142 00000158 00000000        DCD              Reserved86_IRQHandler 
                                                            ;Reserved interrupt
                                                            
  143 0000015C 00000000        DCD              Reserved87_IRQHandler 
                                                            ;Reserved interrupt
                                                            
  144 00000160 00000000        DCD              GPIO1_INT0_IRQHandler ;Active H
                                                            IGH Interrupt from 
                                                            INT0 from GPIO
  145 00000164 00000000        DCD              GPIO1_INT1_IRQHandler ;Active H
                                                            IGH Interrupt from 
                                                            INT1 from GPIO
  146 00000168 00000000        DCD              GPIO1_INT2_IRQHandler ;Active H
                                                            IGH Interrupt from 
                                                            INT2 from GPIO
  147 0000016C 00000000        DCD              GPIO1_INT3_IRQHandler ;Active H
                                                            IGH Interrupt from 
                                                            INT3 from GPIO
  148 00000170 00000000        DCD              GPIO1_INT4_IRQHandler ;Active H



ARM Macro Assembler    Page 6 


                                                            IGH Interrupt from 
                                                            INT4 from GPIO
  149 00000174 00000000        DCD              GPIO1_INT5_IRQHandler ;Active H
                                                            IGH Interrupt from 
                                                            INT5 from GPIO
  150 00000178 00000000        DCD              GPIO1_INT6_IRQHandler ;Active H
                                                            IGH Interrupt from 
                                                            INT6 from GPIO
  151 0000017C 00000000        DCD              GPIO1_INT7_IRQHandler ;Active H
                                                            IGH Interrupt from 
                                                            INT7 from GPIO
  152 00000180 00000000        DCD              GPIO1_Combined_0_15_IRQHandler 
                                                            ;Combined interrupt
                                                             indication for GPI
                                                            O1 signal 0 through
                                                            out 15
  153 00000184 00000000        DCD              GPIO1_Combined_16_31_IRQHandler
 
                                                            ;Combined interrupt
                                                             indication for GPI
                                                            O1 signal 16 throug
                                                            hout 31
  154 00000188 00000000        DCD              GPIO2_Combined_0_15_IRQHandler 
                                                            ;Combined interrupt
                                                             indication for GPI
                                                            O2 signal 0 through
                                                            out 15
  155 0000018C 00000000        DCD              GPIO2_Combined_16_31_IRQHandler
 
                                                            ;Combined interrupt
                                                             indication for GPI
                                                            O2 signal 16 throug
                                                            hout 31
  156 00000190 00000000        DCD              GPIO3_Combined_0_15_IRQHandler 
                                                            ;Combined interrupt
                                                             indication for GPI
                                                            O3 signal 0 through
                                                            out 15
  157 00000194 00000000        DCD              GPIO3_Combined_16_31_IRQHandler
 
                                                            ;Combined interrupt
                                                             indication for GPI
                                                            O3 signal 16 throug
                                                            hout 31
  158 00000198 00000000        DCD              GPIO4_Combined_0_15_IRQHandler 
                                                            ;Combined interrupt
                                                             indication for GPI
                                                            O4 signal 0 through
                                                            out 15
  159 0000019C 00000000        DCD              GPIO4_Combined_16_31_IRQHandler
 
                                                            ;Combined interrupt
                                                             indication for GPI
                                                            O4 signal 16 throug
                                                            hout 31
  160 000001A0 00000000        DCD              GPIO5_Combined_0_15_IRQHandler 
                                                            ;Combined interrupt
                                                             indication for GPI
                                                            O5 signal 0 through



ARM Macro Assembler    Page 7 


                                                            out 15
  161 000001A4 00000000        DCD              GPIO5_Combined_16_31_IRQHandler
 
                                                            ;Combined interrupt
                                                             indication for GPI
                                                            O5 signal 16 throug
                                                            hout 31
  162 000001A8 00000000        DCD              FLEXIO1_IRQHandler 
                                                            ;FLEXIO1 interrupt
  163 000001AC 00000000        DCD              FLEXIO2_IRQHandler 
                                                            ;FLEXIO2 interrupt
  164 000001B0 00000000        DCD              WDOG1_IRQHandler 
                                                            ;WDOG1 interrupt
  165 000001B4 00000000        DCD              RTWDOG_IRQHandler 
                                                            ;RTWDOG interrupt
  166 000001B8 00000000        DCD              EWM_IRQHandler ;EWM interrupt
  167 000001BC 00000000        DCD              CCM_1_IRQHandler 
                                                            ;CCM IRQ1 interrupt
                                                            
  168 000001C0 00000000        DCD              CCM_2_IRQHandler 
                                                            ;CCM IRQ2 interrupt
                                                            
  169 000001C4 00000000        DCD              GPC_IRQHandler ;GPC interrupt
  170 000001C8 00000000        DCD              SRC_IRQHandler ;SRC interrupt
  171 000001CC 00000000        DCD              Reserved115_IRQHandler 
                                                            ;Reserved interrupt
                                                            
  172 000001D0 00000000        DCD              GPT1_IRQHandler ;GPT1 interrupt
                                                            
  173 000001D4 00000000        DCD              GPT2_IRQHandler ;GPT2 interrupt
                                                            
  174 000001D8 00000000        DCD              PWM1_0_IRQHandler ;PWM1 capture
                                                             0, compare 0, or r
                                                            eload 0 interrupt
  175 000001DC 00000000        DCD              PWM1_1_IRQHandler ;PWM1 capture
                                                             1, compare 1, or r
                                                            eload 0 interrupt
  176 000001E0 00000000        DCD              PWM1_2_IRQHandler ;PWM1 capture
                                                             2, compare 2, or r
                                                            eload 0 interrupt
  177 000001E4 00000000        DCD              PWM1_3_IRQHandler ;PWM1 capture
                                                             3, compare 3, or r
                                                            eload 0 interrupt
  178 000001E8 00000000        DCD              PWM1_FAULT_IRQHandler ;PWM1 fau
                                                            lt or reload error 
                                                            interrupt
  179 000001EC 00000000        DCD              Reserved123_IRQHandler 
                                                            ;Reserved interrupt
                                                            
  180 000001F0 00000000        DCD              FLEXSPI_IRQHandler 
                                                            ;FlexSPI0 interrupt
                                                            
  181 000001F4 00000000        DCD              SEMC_IRQHandler 
                                                            ;Reserved interrupt
                                                            
  182 000001F8 00000000        DCD              USDHC1_IRQHandler 
                                                            ;USDHC1 interrupt
  183 000001FC 00000000        DCD              USDHC2_IRQHandler 
                                                            ;USDHC2 interrupt



ARM Macro Assembler    Page 8 


  184 00000200 00000000        DCD              USB_OTG2_IRQHandler 
                                                            ;USBO2 USB OTG2
  185 00000204 00000000        DCD              USB_OTG1_IRQHandler 
                                                            ;USBO2 USB OTG1
  186 00000208 00000000        DCD              ENET_IRQHandler ;ENET interrupt
                                                            
  187 0000020C 00000000        DCD              ENET_1588_Timer_IRQHandler ;ENE
                                                            T_1588_Timer interr
                                                            upt
  188 00000210 00000000        DCD              XBAR1_IRQ_0_1_IRQHandler 
                                                            ;XBAR1 interrupt
  189 00000214 00000000        DCD              XBAR1_IRQ_2_3_IRQHandler 
                                                            ;XBAR1 interrupt
  190 00000218 00000000        DCD              ADC_ETC_IRQ0_IRQHandler ;ADCETC
                                                             IRQ0 interrupt
  191 0000021C 00000000        DCD              ADC_ETC_IRQ1_IRQHandler ;ADCETC
                                                             IRQ1 interrupt
  192 00000220 00000000        DCD              ADC_ETC_IRQ2_IRQHandler ;ADCETC
                                                             IRQ2 interrupt
  193 00000224 00000000        DCD              ADC_ETC_ERROR_IRQ_IRQHandler ;A
                                                            DCETC Error IRQ int
                                                            errupt
  194 00000228 00000000        DCD              PIT_IRQHandler ;PIT interrupt
  195 0000022C 00000000        DCD              ACMP1_IRQHandler 
                                                            ;ACMP interrupt
  196 00000230 00000000        DCD              ACMP2_IRQHandler 
                                                            ;ACMP interrupt
  197 00000234 00000000        DCD              ACMP3_IRQHandler 
                                                            ;ACMP interrupt
  198 00000238 00000000        DCD              ACMP4_IRQHandler 
                                                            ;ACMP interrupt
  199 0000023C 00000000        DCD              Reserved143_IRQHandler 
                                                            ;Reserved interrupt
                                                            
  200 00000240 00000000        DCD              Reserved144_IRQHandler 
                                                            ;Reserved interrupt
                                                            
  201 00000244 00000000        DCD              ENC1_IRQHandler ;ENC1 interrupt
                                                            
  202 00000248 00000000        DCD              ENC2_IRQHandler ;ENC2 interrupt
                                                            
  203 0000024C 00000000        DCD              ENC3_IRQHandler ;ENC3 interrupt
                                                            
  204 00000250 00000000        DCD              ENC4_IRQHandler ;ENC4 interrupt
                                                            
  205 00000254 00000000        DCD              TMR1_IRQHandler ;TMR1 interrupt
                                                            
  206 00000258 00000000        DCD              TMR2_IRQHandler ;TMR2 interrupt
                                                            
  207 0000025C 00000000        DCD              TMR3_IRQHandler ;TMR3 interrupt
                                                            
  208 00000260 00000000        DCD              TMR4_IRQHandler ;TMR4 interrupt
                                                            
  209 00000264 00000000        DCD              PWM2_0_IRQHandler ;PWM2 capture
                                                             0, compare 0, or r
                                                            eload 0 interrupt
  210 00000268 00000000        DCD              PWM2_1_IRQHandler ;PWM2 capture
                                                             1, compare 1, or r
                                                            eload 0 interrupt



ARM Macro Assembler    Page 9 


  211 0000026C 00000000        DCD              PWM2_2_IRQHandler ;PWM2 capture
                                                             2, compare 2, or r
                                                            eload 0 interrupt
  212 00000270 00000000        DCD              PWM2_3_IRQHandler ;PWM2 capture
                                                             3, compare 3, or r
                                                            eload 0 interrupt
  213 00000274 00000000        DCD              PWM2_FAULT_IRQHandler ;PWM2 fau
                                                            lt or reload error 
                                                            interrupt
  214 00000278 00000000        DCD              PWM3_0_IRQHandler ;PWM3 capture
                                                             0, compare 0, or r
                                                            eload 0 interrupt
  215 0000027C 00000000        DCD              PWM3_1_IRQHandler ;PWM3 capture
                                                             1, compare 1, or r
                                                            eload 0 interrupt
  216 00000280 00000000        DCD              PWM3_2_IRQHandler ;PWM3 capture
                                                             2, compare 2, or r
                                                            eload 0 interrupt
  217 00000284 00000000        DCD              PWM3_3_IRQHandler ;PWM3 capture
                                                             3, compare 3, or r
                                                            eload 0 interrupt
  218 00000288 00000000        DCD              PWM3_FAULT_IRQHandler ;PWM3 fau
                                                            lt or reload error 
                                                            interrupt
  219 0000028C 00000000        DCD              PWM4_0_IRQHandler ;PWM4 capture
                                                             0, compare 0, or r
                                                            eload 0 interrupt
  220 00000290 00000000        DCD              PWM4_1_IRQHandler ;PWM4 capture
                                                             1, compare 1, or r
                                                            eload 0 interrupt
  221 00000294 00000000        DCD              PWM4_2_IRQHandler ;PWM4 capture
                                                             2, compare 2, or r
                                                            eload 0 interrupt
  222 00000298 00000000        DCD              PWM4_3_IRQHandler ;PWM4 capture
                                                             3, compare 3, or r
                                                            eload 0 interrupt
  223 0000029C 00000000        DCD              PWM4_FAULT_IRQHandler ;PWM4 fau
                                                            lt or reload error 
                                                            interrupt
  224 000002A0 00000000        DCD              Reserved168_IRQHandler 
                                                            ;Reserved interrupt
                                                            
  225 000002A4 00000000        DCD              Reserved169_IRQHandler 
                                                            ;Reserved interrupt
                                                            
  226 000002A8 00000000        DCD              Reserved170_IRQHandler 
                                                            ;Reserved interrupt
                                                            
  227 000002AC 00000000        DCD              Reserved171_IRQHandler 
                                                            ;Reserved interrupt
                                                            
  228 000002B0 00000000        DCD              Reserved172_IRQHandler 
                                                            ;Reserved interrupt
                                                            
  229 000002B4 00000000        DCD              Reserved173_IRQHandler 
                                                            ;Reserved interrupt
                                                            
  230 000002B8 00000000        DCD              SJC_ARM_DEBUG_IRQHandler ;SJC A
                                                            RM debug interrupt



ARM Macro Assembler    Page 10 


  231 000002BC 00000000        DCD              NMI_WAKEUP_IRQHandler 
                                                            ;NMI wake up
  232 000002C0 00000000        DCD              DefaultISR  ;176
  233 000002C4 00000000        DCD              DefaultISR  ;177
  234 000002C8 00000000        DCD              DefaultISR  ;178
  235 000002CC 00000000        DCD              DefaultISR  ;179
  236 000002D0 00000000        DCD              DefaultISR  ;180
  237 000002D4 00000000        DCD              DefaultISR  ;181
  238 000002D8 00000000        DCD              DefaultISR  ;182
  239 000002DC 00000000        DCD              DefaultISR  ;183
  240 000002E0 00000000        DCD              DefaultISR  ;184
  241 000002E4 00000000        DCD              DefaultISR  ;185
  242 000002E8 00000000        DCD              DefaultISR  ;186
  243 000002EC 00000000        DCD              DefaultISR  ;187
  244 000002F0 00000000        DCD              DefaultISR  ;188
  245 000002F4 00000000        DCD              DefaultISR  ;189
  246 000002F8 00000000        DCD              DefaultISR  ;190
  247 000002FC 00000000        DCD              DefaultISR  ;191
  248 00000300 00000000        DCD              DefaultISR  ;192
  249 00000304 00000000        DCD              DefaultISR  ;193
  250 00000308 00000000        DCD              DefaultISR  ;194
  251 0000030C 00000000        DCD              DefaultISR  ;195
  252 00000310 00000000        DCD              DefaultISR  ;196
  253 00000314 00000000        DCD              DefaultISR  ;197
  254 00000318 00000000        DCD              DefaultISR  ;198
  255 0000031C 00000000        DCD              DefaultISR  ;199
  256 00000320 00000000        DCD              DefaultISR  ;200
  257 00000324 00000000        DCD              DefaultISR  ;201
  258 00000328 00000000        DCD              DefaultISR  ;202
  259 0000032C 00000000        DCD              DefaultISR  ;203
  260 00000330 00000000        DCD              DefaultISR  ;204
  261 00000334 00000000        DCD              DefaultISR  ;205
  262 00000338 00000000        DCD              DefaultISR  ;206
  263 0000033C 00000000        DCD              DefaultISR  ;207
  264 00000340 00000000        DCD              DefaultISR  ;208
  265 00000344 00000000        DCD              DefaultISR  ;209
  266 00000348 00000000        DCD              DefaultISR  ;210
  267 0000034C 00000000        DCD              DefaultISR  ;211
  268 00000350 00000000        DCD              DefaultISR  ;212
  269 00000354 00000000        DCD              DefaultISR  ;213
  270 00000358 00000000        DCD              DefaultISR  ;214
  271 0000035C 00000000        DCD              DefaultISR  ;215
  272 00000360 00000000        DCD              DefaultISR  ;216
  273 00000364 00000000        DCD              DefaultISR  ;217
  274 00000368 00000000        DCD              DefaultISR  ;218
  275 0000036C 00000000        DCD              DefaultISR  ;219
  276 00000370 00000000        DCD              DefaultISR  ;220
  277 00000374 00000000        DCD              DefaultISR  ;221
  278 00000378 00000000        DCD              DefaultISR  ;222
  279 0000037C 00000000        DCD              DefaultISR  ;223
  280 00000380 00000000        DCD              DefaultISR  ;224
  281 00000384 00000000        DCD              DefaultISR  ;225
  282 00000388 00000000        DCD              DefaultISR  ;226
  283 0000038C 00000000        DCD              DefaultISR  ;227
  284 00000390 00000000        DCD              DefaultISR  ;228
  285 00000394 00000000        DCD              DefaultISR  ;229
  286 00000398 00000000        DCD              DefaultISR  ;230
  287 0000039C 00000000        DCD              DefaultISR  ;231
  288 000003A0 00000000        DCD              DefaultISR  ;232



ARM Macro Assembler    Page 11 


  289 000003A4 00000000        DCD              DefaultISR  ;233
  290 000003A8 00000000        DCD              DefaultISR  ;234
  291 000003AC 00000000        DCD              DefaultISR  ;235
  292 000003B0 00000000        DCD              DefaultISR  ;236
  293 000003B4 00000000        DCD              DefaultISR  ;237
  294 000003B8 00000000        DCD              DefaultISR  ;238
  295 000003BC 00000000        DCD              DefaultISR  ;239
  296 000003C0 00000000        DCD              DefaultISR  ;240
  297 000003C4 00000000        DCD              DefaultISR  ;241
  298 000003C8 00000000        DCD              DefaultISR  ;242
  299 000003CC 00000000        DCD              DefaultISR  ;243
  300 000003D0 00000000        DCD              DefaultISR  ;244
  301 000003D4 00000000        DCD              DefaultISR  ;245
  302 000003D8 00000000        DCD              DefaultISR  ;246
  303 000003DC 00000000        DCD              DefaultISR  ;247
  304 000003E0 00000000        DCD              DefaultISR  ;248
  305 000003E4 00000000        DCD              DefaultISR  ;249
  306 000003E8 00000000        DCD              DefaultISR  ;250
  307 000003EC 00000000        DCD              DefaultISR  ;251
  308 000003F0 00000000        DCD              DefaultISR  ;252
  309 000003F4 00000000        DCD              DefaultISR  ;253
  310 000003F8 00000000        DCD              DefaultISR  ;254
  311 000003FC FFFFFFFF        DCD              0xFFFFFFFF  ; Reserved for user
                                                             TRIM value
  312 00000400         __Vectors_End
  313 00000400         
  314 00000400 00000400 
                       __Vectors_Size
                               EQU              __Vectors_End - __Vectors
  315 00000400         
  316 00000400                 AREA             |.text|, CODE, READONLY
  317 00000000         
  318 00000000         ; Reset Handler
  319 00000000         
  320 00000000         Reset_Handler
                               PROC
  321 00000000                 EXPORT           Reset_Handler             [WEAK
]
  322 00000000                 IMPORT           SystemInit
  323 00000000                 IMPORT           __main
  324 00000000         
  325 00000000 B672            CPSID            I           ; Mask interrupts
  326 00000002 483A            LDR              R0, =0xE000ED08
  327 00000004 493A            LDR              R1, =__Vectors
  328 00000006 6001            STR              R1, [R0]
  329 00000008 680A            LDR              R2, [R1]
  330 0000000A F382 8808       MSR              MSP, R2
  331 0000000E 4839            LDR              R0, =SystemInit
  332 00000010 4780            BLX              R0
  333 00000012 B662            CPSIE            i           ; Unmask interrupts
                                                            
  334 00000014 4838            LDR              R0, =__main
  335 00000016 4700            BX               R0
  336 00000018                 ENDP
  337 00000018         
  338 00000018         
  339 00000018         ; Dummy Exception Handlers (infinite loops which can be 
                       modified)
  341 00000018         NMI_Handler



ARM Macro Assembler    Page 12 


                               PROC
  342 00000018                 EXPORT           NMI_Handler         [WEAK]
  343 00000018 E7FE            B                .
  344 0000001A                 ENDP
  346 0000001A         HardFault_Handler
                               PROC
  347 0000001A                 EXPORT           HardFault_Handler         [WEAK
]
  348 0000001A E7FE            B                .
  349 0000001C                 ENDP
  351 0000001C         MemManage_Handler
                               PROC
  352 0000001C                 EXPORT           MemManage_Handler         [WEAK
]
  353 0000001C E7FE            B                .
  354 0000001E                 ENDP
  356 0000001E         BusFault_Handler
                               PROC
  357 0000001E                 EXPORT           BusFault_Handler         [WEAK]
  358 0000001E E7FE            B                .
  359 00000020                 ENDP
  361 00000020         UsageFault_Handler
                               PROC
  362 00000020                 EXPORT           UsageFault_Handler         [WEA
K]
  363 00000020 E7FE            B                .
  364 00000022                 ENDP
  366 00000022         SVC_Handler
                               PROC
  367 00000022                 EXPORT           SVC_Handler         [WEAK]
  368 00000022 E7FE            B                .
  369 00000024                 ENDP
  371 00000024         DebugMon_Handler
                               PROC
  372 00000024                 EXPORT           DebugMon_Handler         [WEAK]
  373 00000024 E7FE            B                .
  374 00000026                 ENDP
  376 00000026         PendSV_Handler
                               PROC
  377 00000026                 EXPORT           PendSV_Handler         [WEAK]
  378 00000026 E7FE            B                .
  379 00000028                 ENDP
  381 00000028         SysTick_Handler
                               PROC
  382 00000028                 EXPORT           SysTick_Handler         [WEAK]
  383 00000028 E7FE            B                .
  384 0000002A                 ENDP
  386 0000002A         DMA0_DMA16_IRQHandler
                               PROC
  387 0000002A                 EXPORT           DMA0_DMA16_IRQHandler         [
WEAK]
  388 0000002A 4834            LDR              R0, =DMA0_DMA16_DriverIRQHandle
r
  389 0000002C 4700            BX               R0
  390 0000002E                 ENDP
  391 0000002E         
  393 0000002E         DMA1_DMA17_IRQHandler
                               PROC
  394 0000002E                 EXPORT           DMA1_DMA17_IRQHandler         [



ARM Macro Assembler    Page 13 


WEAK]
  395 0000002E 4834            LDR              R0, =DMA1_DMA17_DriverIRQHandle
r
  396 00000030 4700            BX               R0
  397 00000032                 ENDP
  398 00000032         
  400 00000032         DMA2_DMA18_IRQHandler
                               PROC
  401 00000032                 EXPORT           DMA2_DMA18_IRQHandler         [
WEAK]
  402 00000032 4834            LDR              R0, =DMA2_DMA18_DriverIRQHandle
r
  403 00000034 4700            BX               R0
  404 00000036                 ENDP
  405 00000036         
  407 00000036         DMA3_DMA19_IRQHandler
                               PROC
  408 00000036                 EXPORT           DMA3_DMA19_IRQHandler         [
WEAK]
  409 00000036 4834            LDR              R0, =DMA3_DMA19_DriverIRQHandle
r
  410 00000038 4700            BX               R0
  411 0000003A                 ENDP
  412 0000003A         
  414 0000003A         DMA4_DMA20_IRQHandler
                               PROC
  415 0000003A                 EXPORT           DMA4_DMA20_IRQHandler         [
WEAK]
  416 0000003A 4834            LDR              R0, =DMA4_DMA20_DriverIRQHandle
r
  417 0000003C 4700            BX               R0
  418 0000003E                 ENDP
  419 0000003E         
  421 0000003E         DMA5_DMA21_IRQHandler
                               PROC
  422 0000003E                 EXPORT           DMA5_DMA21_IRQHandler         [
WEAK]
  423 0000003E 4834            LDR              R0, =DMA5_DMA21_DriverIRQHandle
r
  424 00000040 4700            BX               R0
  425 00000042                 ENDP
  426 00000042         
  428 00000042         DMA6_DMA22_IRQHandler
                               PROC
  429 00000042                 EXPORT           DMA6_DMA22_IRQHandler         [
WEAK]
  430 00000042 4834            LDR              R0, =DMA6_DMA22_DriverIRQHandle
r
  431 00000044 4700            BX               R0
  432 00000046                 ENDP
  433 00000046         
  435 00000046         DMA7_DMA23_IRQHandler
                               PROC
  436 00000046                 EXPORT           DMA7_DMA23_IRQHandler         [
WEAK]
  437 00000046 4834            LDR              R0, =DMA7_DMA23_DriverIRQHandle
r
  438 00000048 4700            BX               R0
  439 0000004A                 ENDP



ARM Macro Assembler    Page 14 


  440 0000004A         
  442 0000004A         DMA8_DMA24_IRQHandler
                               PROC
  443 0000004A                 EXPORT           DMA8_DMA24_IRQHandler         [
WEAK]
  444 0000004A 4834            LDR              R0, =DMA8_DMA24_DriverIRQHandle
r
  445 0000004C 4700            BX               R0
  446 0000004E                 ENDP
  447 0000004E         
  449 0000004E         DMA9_DMA25_IRQHandler
                               PROC
  450 0000004E                 EXPORT           DMA9_DMA25_IRQHandler         [
WEAK]
  451 0000004E 4834            LDR              R0, =DMA9_DMA25_DriverIRQHandle
r
  452 00000050 4700            BX               R0
  453 00000052                 ENDP
  454 00000052         
  456 00000052         DMA10_DMA26_IRQHandler
                               PROC
  457 00000052                 EXPORT           DMA10_DMA26_IRQHandler         
[WEAK]
  458 00000052 4834            LDR              R0, =DMA10_DMA26_DriverIRQHandl
er
  459 00000054 4700            BX               R0
  460 00000056                 ENDP
  461 00000056         
  463 00000056         DMA11_DMA27_IRQHandler
                               PROC
  464 00000056                 EXPORT           DMA11_DMA27_IRQHandler         
[WEAK]
  465 00000056 4834            LDR              R0, =DMA11_DMA27_DriverIRQHandl
er
  466 00000058 4700            BX               R0
  467 0000005A                 ENDP
  468 0000005A         
  470 0000005A         DMA12_DMA28_IRQHandler
                               PROC
  471 0000005A                 EXPORT           DMA12_DMA28_IRQHandler         
[WEAK]
  472 0000005A 4834            LDR              R0, =DMA12_DMA28_DriverIRQHandl
er
  473 0000005C 4700            BX               R0
  474 0000005E                 ENDP
  475 0000005E         
  477 0000005E         DMA13_DMA29_IRQHandler
                               PROC
  478 0000005E                 EXPORT           DMA13_DMA29_IRQHandler         
[WEAK]
  479 0000005E 4834            LDR              R0, =DMA13_DMA29_DriverIRQHandl
er
  480 00000060 4700            BX               R0
  481 00000062                 ENDP
  482 00000062         
  484 00000062         DMA14_DMA30_IRQHandler
                               PROC
  485 00000062                 EXPORT           DMA14_DMA30_IRQHandler         
[WEAK]



ARM Macro Assembler    Page 15 


  486 00000062 4834            LDR              R0, =DMA14_DMA30_DriverIRQHandl
er
  487 00000064 4700            BX               R0
  488 00000066                 ENDP
  489 00000066         
  491 00000066         DMA15_DMA31_IRQHandler
                               PROC
  492 00000066                 EXPORT           DMA15_DMA31_IRQHandler         
[WEAK]
  493 00000066 4834            LDR              R0, =DMA15_DMA31_DriverIRQHandl
er
  494 00000068 4700            BX               R0
  495 0000006A                 ENDP
  496 0000006A         
  498 0000006A         DMA_ERROR_IRQHandler
                               PROC
  499 0000006A                 EXPORT           DMA_ERROR_IRQHandler         [W
EAK]
  500 0000006A 4834            LDR              R0, =DMA_ERROR_DriverIRQHandler
  501 0000006C 4700            BX               R0
  502 0000006E                 ENDP
  503 0000006E         
  505 0000006E         LPUART1_IRQHandler
                               PROC
  506 0000006E                 EXPORT           LPUART1_IRQHandler         [WEA
K]
  507 0000006E 4834            LDR              R0, =LPUART1_DriverIRQHandler
  508 00000070 4700            BX               R0
  509 00000072                 ENDP
  510 00000072         
  512 00000072         LPUART2_IRQHandler
                               PROC
  513 00000072                 EXPORT           LPUART2_IRQHandler         [WEA
K]
  514 00000072 4834            LDR              R0, =LPUART2_DriverIRQHandler
  515 00000074 4700            BX               R0
  516 00000076                 ENDP
  517 00000076         
  519 00000076         LPUART3_IRQHandler
                               PROC
  520 00000076                 EXPORT           LPUART3_IRQHandler         [WEA
K]
  521 00000076 4834            LDR              R0, =LPUART3_DriverIRQHandler
  522 00000078 4700            BX               R0
  523 0000007A                 ENDP
  524 0000007A         
  526 0000007A         LPUART4_IRQHandler
                               PROC
  527 0000007A                 EXPORT           LPUART4_IRQHandler         [WEA
K]
  528 0000007A 4834            LDR              R0, =LPUART4_DriverIRQHandler
  529 0000007C 4700            BX               R0
  530 0000007E                 ENDP
  531 0000007E         
  533 0000007E         LPUART5_IRQHandler
                               PROC
  534 0000007E                 EXPORT           LPUART5_IRQHandler         [WEA
K]
  535 0000007E 4834            LDR              R0, =LPUART5_DriverIRQHandler



ARM Macro Assembler    Page 16 


  536 00000080 4700            BX               R0
  537 00000082                 ENDP
  538 00000082         
  540 00000082         LPUART6_IRQHandler
                               PROC
  541 00000082                 EXPORT           LPUART6_IRQHandler         [WEA
K]
  542 00000082 4834            LDR              R0, =LPUART6_DriverIRQHandler
  543 00000084 4700            BX               R0
  544 00000086                 ENDP
  545 00000086         
  547 00000086         LPUART7_IRQHandler
                               PROC
  548 00000086                 EXPORT           LPUART7_IRQHandler         [WEA
K]
  549 00000086 4834            LDR              R0, =LPUART7_DriverIRQHandler
  550 00000088 4700            BX               R0
  551 0000008A                 ENDP
  552 0000008A         
  554 0000008A         LPUART8_IRQHandler
                               PROC
  555 0000008A                 EXPORT           LPUART8_IRQHandler         [WEA
K]
  556 0000008A 4834            LDR              R0, =LPUART8_DriverIRQHandler
  557 0000008C 4700            BX               R0
  558 0000008E                 ENDP
  559 0000008E         
  561 0000008E         LPI2C1_IRQHandler
                               PROC
  562 0000008E                 EXPORT           LPI2C1_IRQHandler         [WEAK
]
  563 0000008E 4834            LDR              R0, =LPI2C1_DriverIRQHandler
  564 00000090 4700            BX               R0
  565 00000092                 ENDP
  566 00000092         
  568 00000092         LPI2C2_IRQHandler
                               PROC
  569 00000092                 EXPORT           LPI2C2_IRQHandler         [WEAK
]
  570 00000092 4834            LDR              R0, =LPI2C2_DriverIRQHandler
  571 00000094 4700            BX               R0
  572 00000096                 ENDP
  573 00000096         
  575 00000096         LPI2C3_IRQHandler
                               PROC
  576 00000096                 EXPORT           LPI2C3_IRQHandler         [WEAK
]
  577 00000096 4834            LDR              R0, =LPI2C3_DriverIRQHandler
  578 00000098 4700            BX               R0
  579 0000009A                 ENDP
  580 0000009A         
  582 0000009A         LPI2C4_IRQHandler
                               PROC
  583 0000009A                 EXPORT           LPI2C4_IRQHandler         [WEAK
]
  584 0000009A 4834            LDR              R0, =LPI2C4_DriverIRQHandler
  585 0000009C 4700            BX               R0
  586 0000009E                 ENDP
  587 0000009E         



ARM Macro Assembler    Page 17 


  589 0000009E         LPSPI1_IRQHandler
                               PROC
  590 0000009E                 EXPORT           LPSPI1_IRQHandler         [WEAK
]
  591 0000009E 4834            LDR              R0, =LPSPI1_DriverIRQHandler
  592 000000A0 4700            BX               R0
  593 000000A2                 ENDP
  594 000000A2         
  596 000000A2         LPSPI2_IRQHandler
                               PROC
  597 000000A2                 EXPORT           LPSPI2_IRQHandler         [WEAK
]
  598 000000A2 4834            LDR              R0, =LPSPI2_DriverIRQHandler
  599 000000A4 4700            BX               R0
  600 000000A6                 ENDP
  601 000000A6         
  603 000000A6         LPSPI3_IRQHandler
                               PROC
  604 000000A6                 EXPORT           LPSPI3_IRQHandler         [WEAK
]
  605 000000A6 4834            LDR              R0, =LPSPI3_DriverIRQHandler
  606 000000A8 4700            BX               R0
  607 000000AA                 ENDP
  608 000000AA         
  610 000000AA         LPSPI4_IRQHandler
                               PROC
  611 000000AA                 EXPORT           LPSPI4_IRQHandler         [WEAK
]
  612 000000AA 4834            LDR              R0, =LPSPI4_DriverIRQHandler
  613 000000AC 4700            BX               R0
  614 000000AE                 ENDP
  615 000000AE         
  617 000000AE         CAN1_IRQHandler
                               PROC
  618 000000AE                 EXPORT           CAN1_IRQHandler         [WEAK]
  619 000000AE 4834            LDR              R0, =CAN1_DriverIRQHandler
  620 000000B0 4700            BX               R0
  621 000000B2                 ENDP
  622 000000B2         
  624 000000B2         CAN2_IRQHandler
                               PROC
  625 000000B2                 EXPORT           CAN2_IRQHandler         [WEAK]
  626 000000B2 4834            LDR              R0, =CAN2_DriverIRQHandler
  627 000000B4 4700            BX               R0
  628 000000B6                 ENDP
  629 000000B6         
  631 000000B6         SAI1_IRQHandler
                               PROC
  632 000000B6                 EXPORT           SAI1_IRQHandler         [WEAK]
  633 000000B6 4834            LDR              R0, =SAI1_DriverIRQHandler
  634 000000B8 4700            BX               R0
  635 000000BA                 ENDP
  636 000000BA         
  638 000000BA         SAI2_IRQHandler
                               PROC
  639 000000BA                 EXPORT           SAI2_IRQHandler         [WEAK]
  640 000000BA 4834            LDR              R0, =SAI2_DriverIRQHandler
  641 000000BC 4700            BX               R0
  642 000000BE                 ENDP



ARM Macro Assembler    Page 18 


  643 000000BE         
  645 000000BE         SAI3_RX_IRQHandler
                               PROC
  646 000000BE                 EXPORT           SAI3_RX_IRQHandler         [WEA
K]
  647 000000BE 4834            LDR              R0, =SAI3_RX_DriverIRQHandler
  648 000000C0 4700            BX               R0
  649 000000C2                 ENDP
  650 000000C2         
  652 000000C2         SAI3_TX_IRQHandler
                               PROC
  653 000000C2                 EXPORT           SAI3_TX_IRQHandler         [WEA
K]
  654 000000C2 4834            LDR              R0, =SAI3_TX_DriverIRQHandler
  655 000000C4 4700            BX               R0
  656 000000C6                 ENDP
  657 000000C6         
  659 000000C6         SPDIF_IRQHandler
                               PROC
  660 000000C6                 EXPORT           SPDIF_IRQHandler         [WEAK]
  661 000000C6 4834            LDR              R0, =SPDIF_DriverIRQHandler
  662 000000C8 4700            BX               R0
  663 000000CA                 ENDP
  664 000000CA         
  666 000000CA         FLEXIO1_IRQHandler
                               PROC
  667 000000CA                 EXPORT           FLEXIO1_IRQHandler         [WEA
K]
  668 000000CA 4834            LDR              R0, =FLEXIO1_DriverIRQHandler
  669 000000CC 4700            BX               R0
  670 000000CE                 ENDP
  671 000000CE         
  673 000000CE         FLEXIO2_IRQHandler
                               PROC
  674 000000CE                 EXPORT           FLEXIO2_IRQHandler         [WEA
K]
  675 000000CE 4834            LDR              R0, =FLEXIO2_DriverIRQHandler
  676 000000D0 4700            BX               R0
  677 000000D2                 ENDP
  678 000000D2         
  680 000000D2         FLEXSPI_IRQHandler
                               PROC
  681 000000D2                 EXPORT           FLEXSPI_IRQHandler         [WEA
K]
  682 000000D2 4834            LDR              R0, =FLEXSPI_DriverIRQHandler
  683 000000D4 4700            BX               R0
  684 000000D6                 ENDP
  685 000000D6         
  687 000000D6         USDHC1_IRQHandler
                               PROC
  688 000000D6                 EXPORT           USDHC1_IRQHandler         [WEAK
]
  689 000000D6 4834            LDR              R0, =USDHC1_DriverIRQHandler
  690 000000D8 4700            BX               R0
  691 000000DA                 ENDP
  692 000000DA         
  694 000000DA         USDHC2_IRQHandler
                               PROC
  695 000000DA                 EXPORT           USDHC2_IRQHandler         [WEAK



ARM Macro Assembler    Page 19 


]
  696 000000DA 4834            LDR              R0, =USDHC2_DriverIRQHandler
  697 000000DC 4700            BX               R0
  698 000000DE                 ENDP
  699 000000DE         
  701 000000DE         ENET_IRQHandler
                               PROC
  702 000000DE                 EXPORT           ENET_IRQHandler         [WEAK]
  703 000000DE 4834            LDR              R0, =ENET_DriverIRQHandler
  704 000000E0 4700            BX               R0
  705 000000E2                 ENDP
  706 000000E2         
  708 000000E2         ENET_1588_Timer_IRQHandler
                               PROC
  709 000000E2                 EXPORT           ENET_1588_Timer_IRQHandler     
    [WEAK]
  710 000000E2 4834            LDR              R0, =ENET_1588_Timer_DriverIRQH
andler
  711 000000E4 4700            BX               R0
  712 000000E6                 ENDP
  713 000000E6         
  715 000000E6         Default_Handler
                               PROC
  716 000000E6                 EXPORT           DMA0_DMA16_DriverIRQHandler    
     [WEAK]
  717 000000E6                 EXPORT           DMA1_DMA17_DriverIRQHandler    
     [WEAK]
  718 000000E6                 EXPORT           DMA2_DMA18_DriverIRQHandler    
     [WEAK]
  719 000000E6                 EXPORT           DMA3_DMA19_DriverIRQHandler    
     [WEAK]
  720 000000E6                 EXPORT           DMA4_DMA20_DriverIRQHandler    
     [WEAK]
  721 000000E6                 EXPORT           DMA5_DMA21_DriverIRQHandler    
     [WEAK]
  722 000000E6                 EXPORT           DMA6_DMA22_DriverIRQHandler    
     [WEAK]
  723 000000E6                 EXPORT           DMA7_DMA23_DriverIRQHandler    
     [WEAK]
  724 000000E6                 EXPORT           DMA8_DMA24_DriverIRQHandler    
     [WEAK]
  725 000000E6                 EXPORT           DMA9_DMA25_DriverIRQHandler    
     [WEAK]
  726 000000E6                 EXPORT           DMA10_DMA26_DriverIRQHandler   
      [WEAK]
  727 000000E6                 EXPORT           DMA11_DMA27_DriverIRQHandler   
      [WEAK]
  728 000000E6                 EXPORT           DMA12_DMA28_DriverIRQHandler   
      [WEAK]
  729 000000E6                 EXPORT           DMA13_DMA29_DriverIRQHandler   
      [WEAK]
  730 000000E6                 EXPORT           DMA14_DMA30_DriverIRQHandler   
      [WEAK]
  731 000000E6                 EXPORT           DMA15_DMA31_DriverIRQHandler   
      [WEAK]
  732 000000E6                 EXPORT           DMA_ERROR_DriverIRQHandler     
    [WEAK]
  733 000000E6                 EXPORT           CTI0_ERROR_IRQHandler         [
WEAK]



ARM Macro Assembler    Page 20 


  734 000000E6                 EXPORT           CTI1_ERROR_IRQHandler         [
WEAK]
  735 000000E6                 EXPORT           CORE_IRQHandler         [WEAK]
  736 000000E6                 EXPORT           LPUART1_DriverIRQHandler       
  [WEAK]
  737 000000E6                 EXPORT           LPUART2_DriverIRQHandler       
  [WEAK]
  738 000000E6                 EXPORT           LPUART3_DriverIRQHandler       
  [WEAK]
  739 000000E6                 EXPORT           LPUART4_DriverIRQHandler       
  [WEAK]
  740 000000E6                 EXPORT           LPUART5_DriverIRQHandler       
  [WEAK]
  741 000000E6                 EXPORT           LPUART6_DriverIRQHandler       
  [WEAK]
  742 000000E6                 EXPORT           LPUART7_DriverIRQHandler       
  [WEAK]
  743 000000E6                 EXPORT           LPUART8_DriverIRQHandler       
  [WEAK]
  744 000000E6                 EXPORT           LPI2C1_DriverIRQHandler        
 [WEAK]
  745 000000E6                 EXPORT           LPI2C2_DriverIRQHandler        
 [WEAK]
  746 000000E6                 EXPORT           LPI2C3_DriverIRQHandler        
 [WEAK]
  747 000000E6                 EXPORT           LPI2C4_DriverIRQHandler        
 [WEAK]
  748 000000E6                 EXPORT           LPSPI1_DriverIRQHandler        
 [WEAK]
  749 000000E6                 EXPORT           LPSPI2_DriverIRQHandler        
 [WEAK]
  750 000000E6                 EXPORT           LPSPI3_DriverIRQHandler        
 [WEAK]
  751 000000E6                 EXPORT           LPSPI4_DriverIRQHandler        
 [WEAK]
  752 000000E6                 EXPORT           CAN1_DriverIRQHandler         [
WEAK]
  753 000000E6                 EXPORT           CAN2_DriverIRQHandler         [
WEAK]
  754 000000E6                 EXPORT           FLEXRAM_IRQHandler         [WEA
K]
  755 000000E6                 EXPORT           KPP_IRQHandler         [WEAK]
  756 000000E6                 EXPORT           TSC_DIG_IRQHandler         [WEA
K]
  757 000000E6                 EXPORT           GPR_IRQ_IRQHandler         [WEA
K]
  758 000000E6                 EXPORT           LCDIF_IRQHandler         [WEAK]
  759 000000E6                 EXPORT           CSI_IRQHandler         [WEAK]
  760 000000E6                 EXPORT           PXP_IRQHandler         [WEAK]
  761 000000E6                 EXPORT           WDOG2_IRQHandler         [WEAK]
  762 000000E6                 EXPORT           SNVS_HP_WRAPPER_IRQHandler     
    [WEAK]
  763 000000E6                 EXPORT           SNVS_HP_WRAPPER_TZ_IRQHandler  
       [WEAK]
  764 000000E6                 EXPORT           SNVS_LP_WRAPPER_IRQHandler     
    [WEAK]
  765 000000E6                 EXPORT           CSU_IRQHandler         [WEAK]
  766 000000E6                 EXPORT           DCP_IRQHandler         [WEAK]
  767 000000E6                 EXPORT           DCP_VMI_IRQHandler         [WEA



ARM Macro Assembler    Page 21 


K]
  768 000000E6                 EXPORT           Reserved68_IRQHandler         [
WEAK]
  769 000000E6                 EXPORT           TRNG_IRQHandler         [WEAK]
  770 000000E6                 EXPORT           SJC_IRQHandler         [WEAK]
  771 000000E6                 EXPORT           BEE_IRQHandler         [WEAK]
  772 000000E6                 EXPORT           SAI1_DriverIRQHandler         [
WEAK]
  773 000000E6                 EXPORT           SAI2_DriverIRQHandler         [
WEAK]
  774 000000E6                 EXPORT           SAI3_RX_DriverIRQHandler       
  [WEAK]
  775 000000E6                 EXPORT           SAI3_TX_DriverIRQHandler       
  [WEAK]
  776 000000E6                 EXPORT           SPDIF_DriverIRQHandler         
[WEAK]
  777 000000E6                 EXPORT           ANATOP_EVENT0_IRQHandler       
  [WEAK]
  778 000000E6                 EXPORT           ANATOP_EVENT1_IRQHandler       
  [WEAK]
  779 000000E6                 EXPORT           ANATOP_TAMP_LOW_HIGH_IRQHandler
         [WEAK]
  780 000000E6                 EXPORT           ANATOP_TEMP_PANIC_IRQHandler   
      [WEAK]
  781 000000E6                 EXPORT           USB_PHY1_IRQHandler         [WE
AK]
  782 000000E6                 EXPORT           USB_PHY2_IRQHandler         [WE
AK]
  783 000000E6                 EXPORT           ADC1_IRQHandler         [WEAK]
  784 000000E6                 EXPORT           ADC2_IRQHandler         [WEAK]
  785 000000E6                 EXPORT           DCDC_IRQHandler         [WEAK]
  786 000000E6                 EXPORT           Reserved86_IRQHandler         [
WEAK]
  787 000000E6                 EXPORT           Reserved87_IRQHandler         [
WEAK]
  788 000000E6                 EXPORT           GPIO1_INT0_IRQHandler         [
WEAK]
  789 000000E6                 EXPORT           GPIO1_INT1_IRQHandler         [
WEAK]
  790 000000E6                 EXPORT           GPIO1_INT2_IRQHandler         [
WEAK]
  791 000000E6                 EXPORT           GPIO1_INT3_IRQHandler         [
WEAK]
  792 000000E6                 EXPORT           GPIO1_INT4_IRQHandler         [
WEAK]
  793 000000E6                 EXPORT           GPIO1_INT5_IRQHandler         [
WEAK]
  794 000000E6                 EXPORT           GPIO1_INT6_IRQHandler         [
WEAK]
  795 000000E6                 EXPORT           GPIO1_INT7_IRQHandler         [
WEAK]
  796 000000E6                 EXPORT           GPIO1_Combined_0_15_IRQHandler 
        [WEAK]
  797 000000E6                 EXPORT           GPIO1_Combined_16_31_IRQHandler
         [WEAK]
  798 000000E6                 EXPORT           GPIO2_Combined_0_15_IRQHandler 
        [WEAK]
  799 000000E6                 EXPORT           GPIO2_Combined_16_31_IRQHandler
         [WEAK]



ARM Macro Assembler    Page 22 


  800 000000E6                 EXPORT           GPIO3_Combined_0_15_IRQHandler 
        [WEAK]
  801 000000E6                 EXPORT           GPIO3_Combined_16_31_IRQHandler
         [WEAK]
  802 000000E6                 EXPORT           GPIO4_Combined_0_15_IRQHandler 
        [WEAK]
  803 000000E6                 EXPORT           GPIO4_Combined_16_31_IRQHandler
         [WEAK]
  804 000000E6                 EXPORT           GPIO5_Combined_0_15_IRQHandler 
        [WEAK]
  805 000000E6                 EXPORT           GPIO5_Combined_16_31_IRQHandler
         [WEAK]
  806 000000E6                 EXPORT           FLEXIO1_DriverIRQHandler       
  [WEAK]
  807 000000E6                 EXPORT           FLEXIO2_DriverIRQHandler       
  [WEAK]
  808 000000E6                 EXPORT           WDOG1_IRQHandler         [WEAK]
  809 000000E6                 EXPORT           RTWDOG_IRQHandler         [WEAK
]
  810 000000E6                 EXPORT           EWM_IRQHandler         [WEAK]
  811 000000E6                 EXPORT           CCM_1_IRQHandler         [WEAK]
  812 000000E6                 EXPORT           CCM_2_IRQHandler         [WEAK]
  813 000000E6                 EXPORT           GPC_IRQHandler         [WEAK]
  814 000000E6                 EXPORT           SRC_IRQHandler         [WEAK]
  815 000000E6                 EXPORT           Reserved115_IRQHandler         
[WEAK]
  816 000000E6                 EXPORT           GPT1_IRQHandler         [WEAK]
  817 000000E6                 EXPORT           GPT2_IRQHandler         [WEAK]
  818 000000E6                 EXPORT           PWM1_0_IRQHandler         [WEAK
]
  819 000000E6                 EXPORT           PWM1_1_IRQHandler         [WEAK
]
  820 000000E6                 EXPORT           PWM1_2_IRQHandler         [WEAK
]
  821 000000E6                 EXPORT           PWM1_3_IRQHandler         [WEAK
]
  822 000000E6                 EXPORT           PWM1_FAULT_IRQHandler         [
WEAK]
  823 000000E6                 EXPORT           Reserved123_IRQHandler         
[WEAK]
  824 000000E6                 EXPORT           FLEXSPI_DriverIRQHandler       
  [WEAK]
  825 000000E6                 EXPORT           SEMC_IRQHandler         [WEAK]
  826 000000E6                 EXPORT           USDHC1_DriverIRQHandler        
 [WEAK]
  827 000000E6                 EXPORT           USDHC2_DriverIRQHandler        
 [WEAK]
  828 000000E6                 EXPORT           USB_OTG2_IRQHandler         [WE
AK]
  829 000000E6                 EXPORT           USB_OTG1_IRQHandler         [WE
AK]
  830 000000E6                 EXPORT           ENET_DriverIRQHandler         [
WEAK]
  831 000000E6                 EXPORT           ENET_1588_Timer_DriverIRQHandle
r         [WEAK]
  832 000000E6                 EXPORT           XBAR1_IRQ_0_1_IRQHandler       
  [WEAK]
  833 000000E6                 EXPORT           XBAR1_IRQ_2_3_IRQHandler       
  [WEAK]



ARM Macro Assembler    Page 23 


  834 000000E6                 EXPORT           ADC_ETC_IRQ0_IRQHandler        
 [WEAK]
  835 000000E6                 EXPORT           ADC_ETC_IRQ1_IRQHandler        
 [WEAK]
  836 000000E6                 EXPORT           ADC_ETC_IRQ2_IRQHandler        
 [WEAK]
  837 000000E6                 EXPORT           ADC_ETC_ERROR_IRQ_IRQHandler   
      [WEAK]
  838 000000E6                 EXPORT           PIT_IRQHandler         [WEAK]
  839 000000E6                 EXPORT           ACMP1_IRQHandler         [WEAK]
  840 000000E6                 EXPORT           ACMP2_IRQHandler         [WEAK]
  841 000000E6                 EXPORT           ACMP3_IRQHandler         [WEAK]
  842 000000E6                 EXPORT           ACMP4_IRQHandler         [WEAK]
  843 000000E6                 EXPORT           Reserved143_IRQHandler         
[WEAK]
  844 000000E6                 EXPORT           Reserved144_IRQHandler         
[WEAK]
  845 000000E6                 EXPORT           ENC1_IRQHandler         [WEAK]
  846 000000E6                 EXPORT           ENC2_IRQHandler         [WEAK]
  847 000000E6                 EXPORT           ENC3_IRQHandler         [WEAK]
  848 000000E6                 EXPORT           ENC4_IRQHandler         [WEAK]
  849 000000E6                 EXPORT           TMR1_IRQHandler         [WEAK]
  850 000000E6                 EXPORT           TMR2_IRQHandler         [WEAK]
  851 000000E6                 EXPORT           TMR3_IRQHandler         [WEAK]
  852 000000E6                 EXPORT           TMR4_IRQHandler         [WEAK]
  853 000000E6                 EXPORT           PWM2_0_IRQHandler         [WEAK
]
  854 000000E6                 EXPORT           PWM2_1_IRQHandler         [WEAK
]
  855 000000E6                 EXPORT           PWM2_2_IRQHandler         [WEAK
]
  856 000000E6                 EXPORT           PWM2_3_IRQHandler         [WEAK
]
  857 000000E6                 EXPORT           PWM2_FAULT_IRQHandler         [
WEAK]
  858 000000E6                 EXPORT           PWM3_0_IRQHandler         [WEAK
]
  859 000000E6                 EXPORT           PWM3_1_IRQHandler         [WEAK
]
  860 000000E6                 EXPORT           PWM3_2_IRQHandler         [WEAK
]
  861 000000E6                 EXPORT           PWM3_3_IRQHandler         [WEAK
]
  862 000000E6                 EXPORT           PWM3_FAULT_IRQHandler         [
WEAK]
  863 000000E6                 EXPORT           PWM4_0_IRQHandler         [WEAK
]
  864 000000E6                 EXPORT           PWM4_1_IRQHandler         [WEAK
]
  865 000000E6                 EXPORT           PWM4_2_IRQHandler         [WEAK
]
  866 000000E6                 EXPORT           PWM4_3_IRQHandler         [WEAK
]
  867 000000E6                 EXPORT           PWM4_FAULT_IRQHandler         [
WEAK]
  868 000000E6                 EXPORT           Reserved168_IRQHandler         
[WEAK]
  869 000000E6                 EXPORT           Reserved169_IRQHandler         
[WEAK]



ARM Macro Assembler    Page 24 


  870 000000E6                 EXPORT           Reserved170_IRQHandler         
[WEAK]
  871 000000E6                 EXPORT           Reserved171_IRQHandler         
[WEAK]
  872 000000E6                 EXPORT           Reserved172_IRQHandler         
[WEAK]
  873 000000E6                 EXPORT           Reserved173_IRQHandler         
[WEAK]
  874 000000E6                 EXPORT           SJC_ARM_DEBUG_IRQHandler       
  [WEAK]
  875 000000E6                 EXPORT           NMI_WAKEUP_IRQHandler         [
WEAK]
  876 000000E6                 EXPORT           DefaultISR         [WEAK]
  877 000000E6         DMA0_DMA16_DriverIRQHandler
  878 000000E6         DMA1_DMA17_DriverIRQHandler
  879 000000E6         DMA2_DMA18_DriverIRQHandler
  880 000000E6         DMA3_DMA19_DriverIRQHandler
  881 000000E6         DMA4_DMA20_DriverIRQHandler
  882 000000E6         DMA5_DMA21_DriverIRQHandler
  883 000000E6         DMA6_DMA22_DriverIRQHandler
  884 000000E6         DMA7_DMA23_DriverIRQHandler
  885 000000E6         DMA8_DMA24_DriverIRQHandler
  886 000000E6         DMA9_DMA25_DriverIRQHandler
  887 000000E6         DMA10_DMA26_DriverIRQHandler
  888 000000E6         DMA11_DMA27_DriverIRQHandler
  889 000000E6         DMA12_DMA28_DriverIRQHandler
  890 000000E6         DMA13_DMA29_DriverIRQHandler
  891 000000E6         DMA14_DMA30_DriverIRQHandler
  892 000000E6         DMA15_DMA31_DriverIRQHandler
  893 000000E6         DMA_ERROR_DriverIRQHandler
  894 000000E6         CTI0_ERROR_IRQHandler
  895 000000E6         CTI1_ERROR_IRQHandler
  896 000000E6         CORE_IRQHandler
  897 000000E6         LPUART1_DriverIRQHandler
  898 000000E6         LPUART2_DriverIRQHandler
  899 000000E6         LPUART3_DriverIRQHandler
  900 000000E6         LPUART4_DriverIRQHandler
  901 000000E6         LPUART5_DriverIRQHandler
  902 000000E6         LPUART6_DriverIRQHandler
  903 000000E6         LPUART7_DriverIRQHandler
  904 000000E6         LPUART8_DriverIRQHandler
  905 000000E6         LPI2C1_DriverIRQHandler
  906 000000E6         LPI2C2_DriverIRQHandler
  907 000000E6         LPI2C3_DriverIRQHandler
  908 000000E6         LPI2C4_DriverIRQHandler
  909 000000E6         LPSPI1_DriverIRQHandler
  910 000000E6         LPSPI2_DriverIRQHandler
  911 000000E6         LPSPI3_DriverIRQHandler
  912 000000E6         LPSPI4_DriverIRQHandler
  913 000000E6         CAN1_DriverIRQHandler
  914 000000E6         CAN2_DriverIRQHandler
  915 000000E6         FLEXRAM_IRQHandler
  916 000000E6         KPP_IRQHandler
  917 000000E6         TSC_DIG_IRQHandler
  918 000000E6         GPR_IRQ_IRQHandler
  919 000000E6         LCDIF_IRQHandler
  920 000000E6         CSI_IRQHandler
  921 000000E6         PXP_IRQHandler
  922 000000E6         WDOG2_IRQHandler



ARM Macro Assembler    Page 25 


  923 000000E6         SNVS_HP_WRAPPER_IRQHandler
  924 000000E6         SNVS_HP_WRAPPER_TZ_IRQHandler
  925 000000E6         SNVS_LP_WRAPPER_IRQHandler
  926 000000E6         CSU_IRQHandler
  927 000000E6         DCP_IRQHandler
  928 000000E6         DCP_VMI_IRQHandler
  929 000000E6         Reserved68_IRQHandler
  930 000000E6         TRNG_IRQHandler
  931 000000E6         SJC_IRQHandler
  932 000000E6         BEE_IRQHandler
  933 000000E6         SAI1_DriverIRQHandler
  934 000000E6         SAI2_DriverIRQHandler
  935 000000E6         SAI3_RX_DriverIRQHandler
  936 000000E6         SAI3_TX_DriverIRQHandler
  937 000000E6         SPDIF_DriverIRQHandler
  938 000000E6         ANATOP_EVENT0_IRQHandler
  939 000000E6         ANATOP_EVENT1_IRQHandler
  940 000000E6         ANATOP_TAMP_LOW_HIGH_IRQHandler
  941 000000E6         ANATOP_TEMP_PANIC_IRQHandler
  942 000000E6         USB_PHY1_IRQHandler
  943 000000E6         USB_PHY2_IRQHandler
  944 000000E6         ADC1_IRQHandler
  945 000000E6         ADC2_IRQHandler
  946 000000E6         DCDC_IRQHandler
  947 000000E6         Reserved86_IRQHandler
  948 000000E6         Reserved87_IRQHandler
  949 000000E6         GPIO1_INT0_IRQHandler
  950 000000E6         GPIO1_INT1_IRQHandler
  951 000000E6         GPIO1_INT2_IRQHandler
  952 000000E6         GPIO1_INT3_IRQHandler
  953 000000E6         GPIO1_INT4_IRQHandler
  954 000000E6         GPIO1_INT5_IRQHandler
  955 000000E6         GPIO1_INT6_IRQHandler
  956 000000E6         GPIO1_INT7_IRQHandler
  957 000000E6         GPIO1_Combined_0_15_IRQHandler
  958 000000E6         GPIO1_Combined_16_31_IRQHandler
  959 000000E6         GPIO2_Combined_0_15_IRQHandler
  960 000000E6         GPIO2_Combined_16_31_IRQHandler
  961 000000E6         GPIO3_Combined_0_15_IRQHandler
  962 000000E6         GPIO3_Combined_16_31_IRQHandler
  963 000000E6         GPIO4_Combined_0_15_IRQHandler
  964 000000E6         GPIO4_Combined_16_31_IRQHandler
  965 000000E6         GPIO5_Combined_0_15_IRQHandler
  966 000000E6         GPIO5_Combined_16_31_IRQHandler
  967 000000E6         FLEXIO1_DriverIRQHandler
  968 000000E6         FLEXIO2_DriverIRQHandler
  969 000000E6         WDOG1_IRQHandler
  970 000000E6         RTWDOG_IRQHandler
  971 000000E6         EWM_IRQHandler
  972 000000E6         CCM_1_IRQHandler
  973 000000E6         CCM_2_IRQHandler
  974 000000E6         GPC_IRQHandler
  975 000000E6         SRC_IRQHandler
  976 000000E6         Reserved115_IRQHandler
  977 000000E6         GPT1_IRQHandler
  978 000000E6         GPT2_IRQHandler
  979 000000E6         PWM1_0_IRQHandler
  980 000000E6         PWM1_1_IRQHandler
  981 000000E6         PWM1_2_IRQHandler



ARM Macro Assembler    Page 26 


  982 000000E6         PWM1_3_IRQHandler
  983 000000E6         PWM1_FAULT_IRQHandler
  984 000000E6         Reserved123_IRQHandler
  985 000000E6         FLEXSPI_DriverIRQHandler
  986 000000E6         SEMC_IRQHandler
  987 000000E6         USDHC1_DriverIRQHandler
  988 000000E6         USDHC2_DriverIRQHandler
  989 000000E6         USB_OTG2_IRQHandler
  990 000000E6         USB_OTG1_IRQHandler
  991 000000E6         ENET_DriverIRQHandler
  992 000000E6         ENET_1588_Timer_DriverIRQHandler
  993 000000E6         XBAR1_IRQ_0_1_IRQHandler
  994 000000E6         XBAR1_IRQ_2_3_IRQHandler
  995 000000E6         ADC_ETC_IRQ0_IRQHandler
  996 000000E6         ADC_ETC_IRQ1_IRQHandler
  997 000000E6         ADC_ETC_IRQ2_IRQHandler
  998 000000E6         ADC_ETC_ERROR_IRQ_IRQHandler
  999 000000E6         PIT_IRQHandler
 1000 000000E6         ACMP1_IRQHandler
 1001 000000E6         ACMP2_IRQHandler
 1002 000000E6         ACMP3_IRQHandler
 1003 000000E6         ACMP4_IRQHandler
 1004 000000E6         Reserved143_IRQHandler
 1005 000000E6         Reserved144_IRQHandler
 1006 000000E6         ENC1_IRQHandler
 1007 000000E6         ENC2_IRQHandler
 1008 000000E6         ENC3_IRQHandler
 1009 000000E6         ENC4_IRQHandler
 1010 000000E6         TMR1_IRQHandler
 1011 000000E6         TMR2_IRQHandler
 1012 000000E6         TMR3_IRQHandler
 1013 000000E6         TMR4_IRQHandler
 1014 000000E6         PWM2_0_IRQHandler
 1015 000000E6         PWM2_1_IRQHandler
 1016 000000E6         PWM2_2_IRQHandler
 1017 000000E6         PWM2_3_IRQHandler
 1018 000000E6         PWM2_FAULT_IRQHandler
 1019 000000E6         PWM3_0_IRQHandler
 1020 000000E6         PWM3_1_IRQHandler
 1021 000000E6         PWM3_2_IRQHandler
 1022 000000E6         PWM3_3_IRQHandler
 1023 000000E6         PWM3_FAULT_IRQHandler
 1024 000000E6         PWM4_0_IRQHandler
 1025 000000E6         PWM4_1_IRQHandler
 1026 000000E6         PWM4_2_IRQHandler
 1027 000000E6         PWM4_3_IRQHandler
 1028 000000E6         PWM4_FAULT_IRQHandler
 1029 000000E6         Reserved168_IRQHandler
 1030 000000E6         Reserved169_IRQHandler
 1031 000000E6         Reserved170_IRQHandler
 1032 000000E6         Reserved171_IRQHandler
 1033 000000E6         Reserved172_IRQHandler
 1034 000000E6         Reserved173_IRQHandler
 1035 000000E6         SJC_ARM_DEBUG_IRQHandler
 1036 000000E6         NMI_WAKEUP_IRQHandler
 1037 000000E6         DefaultISR
 1038 000000E6 4834            LDR              R0, =DefaultISR
 1039 000000E8 4700            BX               R0
 1040 000000EA                 ENDP



ARM Macro Assembler    Page 27 


 1041 000000EA 00 00           ALIGN
 1042 000000EC         
 1043 000000EC         
 1044 000000EC                 END
              E000ED08 
              00000000 
              00000000 
              00000000 
              00000000 
              00000000 
              00000000 
              00000000 
              00000000 
              00000000 
              00000000 
              00000000 
              00000000 
              00000000 
              00000000 
              00000000 
              00000000 
              00000000 
              00000000 
              00000000 
              00000000 
              00000000 
              00000000 
              00000000 
              00000000 
              00000000 
              00000000 
              00000000 
              00000000 
              00000000 
              00000000 
              00000000 
              00000000 
              00000000 
              00000000 
              00000000 
              00000000 
              00000000 
              00000000 
              00000000 
              00000000 
              00000000 
              00000000 
              00000000 
              00000000 
              00000000 
              00000000 
              00000000 
              00000000 
              00000000 
              00000000 
              00000000 
Command Line: --debug --diag_suppress=9931 --cpu=Cortex-M7.fp.sp --apcs=interwo
rk --depend=flexspi_nor_debug\startup_mimxrt1052.d -oflexspi_nor_debug\startup_
mimxrt1052.o -I.\RTE\_hello_world_Flexspi_nor_debug -IC:\Keil_v5\ARM\PACK\NXP\i



ARM Macro Assembler    Page 28 


MXRT_DFP\1.0.2\Device\Include -IC:\Keil_v5\ARM\CMSIS\Include --predefine="__MIC
ROLIB SETA 1" --predefine="__UVISION_VERSION SETA 524" --predefine="MIMXRT1052 
SETA 1" --predefine="__STARTUP_INITIALIZE_NONCACHEDATA SETA 1" --list=.\output\
startup_mimxrt1052.lst ../../../../../devices/MIMXRT1052/arm/startup_MIMXRT1052
.s
